[31m[1mWARNING: This is a development server. Do not use it in a production deployment. Use a production WSGI server instead.[0m
 * Running on all addresses (0.0.0.0)
 * Running on http://127.0.0.1:5555
 * Running on http://10.253.178.154:5555
[33mPress CTRL+C to quit[0m
127.0.0.1 - - [09/Sep/2023 09:23:38] "GET / HTTP/1.1" 200 -
127.0.0.1 - - [09/Sep/2023 09:23:38] "GET /static/libs/jquery/jquery.min.js HTTP/1.1" 200 -
127.0.0.1 - - [09/Sep/2023 09:23:38] "GET /static/libs/modernizr-2.6.2.js HTTP/1.1" 200 -
127.0.0.1 - - [09/Sep/2023 09:23:38] "GET /static/libs/bootstrap/js/bootstrap.bundle.min.js HTTP/1.1" 200 -
127.0.0.1 - - [09/Sep/2023 09:23:38] "GET /static/scripts/vue-components.js HTTP/1.1" 200 -
127.0.0.1 - - [09/Sep/2023 09:23:38] "GET /static/libs/codemirror/codemirror.js HTTP/1.1" 200 -
127.0.0.1 - - [09/Sep/2023 09:23:38] "GET /static/content/site.css HTTP/1.1" 200 -
127.0.0.1 - - [09/Sep/2023 09:23:38] "GET /static/libs/bootstrap/css/bootstrap.min.css HTTP/1.1" 200 -
127.0.0.1 - - [09/Sep/2023 09:23:38] "[36mGET /static/libs/codemirror/codemirror.css HTTP/1.1[0m" 304 -
127.0.0.1 - - [09/Sep/2023 09:23:38] "[36mGET /static/libs/vue/vue.js HTTP/1.1[0m" 304 -
127.0.0.1 - - [09/Sep/2023 09:23:45] "GET /nlu HTTP/1.1" 200 -
127.0.0.1 - - [09/Sep/2023 09:23:45] "[36mGET /static/libs/modernizr-2.6.2.js HTTP/1.1[0m" 304 -
127.0.0.1 - - [09/Sep/2023 09:23:45] "[36mGET /static/libs/jquery/jquery.min.js HTTP/1.1[0m" 304 -
127.0.0.1 - - [09/Sep/2023 09:23:45] "[36mGET /static/libs/bootstrap/css/bootstrap.min.css HTTP/1.1[0m" 304 -
127.0.0.1 - - [09/Sep/2023 09:23:45] "[36mGET /static/libs/bootstrap/js/bootstrap.bundle.min.js HTTP/1.1[0m" 304 -
127.0.0.1 - - [09/Sep/2023 09:23:45] "[36mGET /static/scripts/vue-components.js HTTP/1.1[0m" 304 -
127.0.0.1 - - [09/Sep/2023 09:23:45] "[36mGET /static/libs/vue/vue.js HTTP/1.1[0m" 304 -
127.0.0.1 - - [09/Sep/2023 09:23:45] "[36mGET /static/libs/codemirror/codemirror.js HTTP/1.1[0m" 304 -
127.0.0.1 - - [09/Sep/2023 09:23:45] "[36mGET /static/libs/codemirror/codemirror.css HTTP/1.1[0m" 304 -
127.0.0.1 - - [09/Sep/2023 09:23:45] "[36mGET /static/content/site.css HTTP/1.1[0m" 304 -
127.0.0.1 - - [09/Sep/2023 09:23:45] "GET /api/nlu?q= HTTP/1.1" 200 -
127.0.0.1 - - [09/Sep/2023 09:23:47] "GET /stories HTTP/1.1" 200 -
127.0.0.1 - - [09/Sep/2023 09:23:47] "[36mGET /static/libs/bootstrap/js/bootstrap.bundle.min.js HTTP/1.1[0m" 304 -
127.0.0.1 - - [09/Sep/2023 09:23:47] "[36mGET /static/libs/bootstrap/css/bootstrap.min.css HTTP/1.1[0m" 304 -
127.0.0.1 - - [09/Sep/2023 09:23:47] "[36mGET /static/libs/jquery/jquery.min.js HTTP/1.1[0m" 304 -
127.0.0.1 - - [09/Sep/2023 09:23:47] "[36mGET /static/libs/modernizr-2.6.2.js HTTP/1.1[0m" 304 -
127.0.0.1 - - [09/Sep/2023 09:23:47] "[36mGET /static/scripts/vue-components.js HTTP/1.1[0m" 304 -
127.0.0.1 - - [09/Sep/2023 09:23:47] "[36mGET /static/libs/vue/vue.js HTTP/1.1[0m" 304 -
127.0.0.1 - - [09/Sep/2023 09:23:47] "[36mGET /static/libs/codemirror/codemirror.css HTTP/1.1[0m" 304 -
127.0.0.1 - - [09/Sep/2023 09:23:47] "[36mGET /static/content/site.css HTTP/1.1[0m" 304 -
127.0.0.1 - - [09/Sep/2023 09:23:47] "[36mGET /static/libs/codemirror/codemirror.js HTTP/1.1[0m" 304 -
127.0.0.1 - - [09/Sep/2023 09:23:47] "GET /api/stories?q= HTTP/1.1" 200 -
127.0.0.1 - - [09/Sep/2023 09:23:48] "GET /domain HTTP/1.1" 200 -
127.0.0.1 - - [09/Sep/2023 09:23:48] "[36mGET /static/libs/jquery/jquery.min.js HTTP/1.1[0m" 304 -
127.0.0.1 - - [09/Sep/2023 09:23:48] "[36mGET /static/libs/bootstrap/js/bootstrap.bundle.min.js HTTP/1.1[0m" 304 -
127.0.0.1 - - [09/Sep/2023 09:23:48] "[36mGET /static/libs/modernizr-2.6.2.js HTTP/1.1[0m" 304 -
127.0.0.1 - - [09/Sep/2023 09:23:48] "[36mGET /static/libs/bootstrap/css/bootstrap.min.css HTTP/1.1[0m" 304 -
127.0.0.1 - - [09/Sep/2023 09:23:48] "[36mGET /static/scripts/vue-components.js HTTP/1.1[0m" 304 -
127.0.0.1 - - [09/Sep/2023 09:23:48] "[36mGET /static/libs/vue/vue.js HTTP/1.1[0m" 304 -
127.0.0.1 - - [09/Sep/2023 09:23:48] "[36mGET /static/libs/codemirror/codemirror.js HTTP/1.1[0m" 304 -
127.0.0.1 - - [09/Sep/2023 09:23:48] "[36mGET /static/libs/codemirror/codemirror.css HTTP/1.1[0m" 304 -
127.0.0.1 - - [09/Sep/2023 09:23:48] "[36mGET /static/content/site.css HTTP/1.1[0m" 304 -
127.0.0.1 - - [09/Sep/2023 09:23:53] "[36mGET /static/libs/bootstrap/css/bootstrap.min.css.map HTTP/1.1[0m" 304 -
127.0.0.1 - - [09/Sep/2023 09:23:53] "[36mGET /static/libs/bootstrap/js/bootstrap.bundle.min.js.map HTTP/1.1[0m" 304 -
[31m[1mWARNING: This is a development server. Do not use it in a production deployment. Use a production WSGI server instead.[0m
 * Running on all addresses (0.0.0.0)
 * Running on http://127.0.0.1:5555
 * Running on http://10.253.178.154:5555
[33mPress CTRL+C to quit[0m
127.0.0.1 - - [09/Sep/2023 10:23:49] "GET /domain HTTP/1.1" 200 -
127.0.0.1 - - [09/Sep/2023 10:23:49] "[36mGET /static/libs/jquery/jquery.min.js HTTP/1.1[0m" 304 -
127.0.0.1 - - [09/Sep/2023 10:23:49] "[36mGET /static/libs/bootstrap/css/bootstrap.min.css HTTP/1.1[0m" 304 -
127.0.0.1 - - [09/Sep/2023 10:23:49] "[36mGET /static/libs/modernizr-2.6.2.js HTTP/1.1[0m" 304 -
127.0.0.1 - - [09/Sep/2023 10:23:49] "[36mGET /static/libs/bootstrap/js/bootstrap.bundle.min.js HTTP/1.1[0m" 304 -
127.0.0.1 - - [09/Sep/2023 10:23:49] "[36mGET /static/libs/codemirror/codemirror.css HTTP/1.1[0m" 304 -
127.0.0.1 - - [09/Sep/2023 10:23:49] "[36mGET /static/libs/codemirror/codemirror.js HTTP/1.1[0m" 304 -
127.0.0.1 - - [09/Sep/2023 10:23:49] "[36mGET /static/scripts/vue-components.js HTTP/1.1[0m" 304 -
127.0.0.1 - - [09/Sep/2023 10:23:49] "[36mGET /static/libs/vue/vue.js HTTP/1.1[0m" 304 -
127.0.0.1 - - [09/Sep/2023 10:23:49] "[36mGET /static/content/site.css HTTP/1.1[0m" 304 -
127.0.0.1 - - [09/Sep/2023 10:23:49] "[36mGET /static/libs/bootstrap/js/bootstrap.bundle.min.js.map HTTP/1.1[0m" 304 -
127.0.0.1 - - [09/Sep/2023 10:23:49] "[36mGET /static/libs/bootstrap/css/bootstrap.min.css.map HTTP/1.1[0m" 304 -
127.0.0.1 - - [09/Sep/2023 10:30:57] "GET /chat HTTP/1.1" 200 -
127.0.0.1 - - [09/Sep/2023 10:30:57] "[36mGET /static/libs/modernizr-2.6.2.js HTTP/1.1[0m" 304 -
127.0.0.1 - - [09/Sep/2023 10:30:57] "[36mGET /static/libs/jquery/jquery.min.js HTTP/1.1[0m" 304 -
127.0.0.1 - - [09/Sep/2023 10:30:57] "[36mGET /static/libs/bootstrap/css/bootstrap.min.css HTTP/1.1[0m" 304 -
127.0.0.1 - - [09/Sep/2023 10:30:57] "[36mGET /static/libs/vue/vue.js HTTP/1.1[0m" 304 -
127.0.0.1 - - [09/Sep/2023 10:30:57] "[36mGET /static/scripts/vue-components.js HTTP/1.1[0m" 304 -
127.0.0.1 - - [09/Sep/2023 10:30:57] "[36mGET /static/libs/bootstrap/js/bootstrap.bundle.min.js HTTP/1.1[0m" 304 -
127.0.0.1 - - [09/Sep/2023 10:30:57] "[36mGET /static/libs/codemirror/codemirror.js HTTP/1.1[0m" 304 -
127.0.0.1 - - [09/Sep/2023 10:30:57] "[36mGET /static/libs/codemirror/codemirror.css HTTP/1.1[0m" 304 -
127.0.0.1 - - [09/Sep/2023 10:30:57] "[36mGET /static/content/site.css HTTP/1.1[0m" 304 -
127.0.0.1 - - [09/Sep/2023 10:30:57] "[36mGET /static/libs/bootstrap/css/bootstrap.min.css.map HTTP/1.1[0m" 304 -
127.0.0.1 - - [09/Sep/2023 10:30:57] "[36mGET /static/libs/bootstrap/js/bootstrap.bundle.min.js.map HTTP/1.1[0m" 304 -
Issuing ticket for conversation 'default'.
Acquiring lock for conversation 'default'.
Acquired lock for conversation 'default'.
Could not find tracker for conversation ID 'default'.
No event broker configured. Skipping streaming events.
Starting a new session for conversation ID 'default'.
Policy prediction ended with events '[]'.
Action 'action_session_start' ended with events '[<rasa.shared.core.events.SessionStarted object at 0x7fcf6ffa7750>, ActionExecuted(action: action_listen, policy: None, confidence: None)]'.
Current slot values: 
	date: None
	session_started_metadata: None
Running graph with inputs: {'__message__': [<rasa.core.channels.channel.UserMessage object at 0x7fcf6ffdcad0>]}, targets: ['run_RegexMessageHandler'] and ExecutionContext(model_id='2f087a572d25489f84e71fc3c13e2b44', should_add_diagnostic_data=False, is_finetuning=False, node_name=None).
Node 'nlu_message_converter' running 'NLUMessageConverter.convert_user_message'.
Node 'run_JiebaTokenizer0' running 'JiebaTokenizer.process'.
Building prefix dict from the default dictionary ...
Dumping model to file cache /var/folders/kf/1rjb3s5j6wq3c5j8kz94dmjc0000gn/T/jieba.cache
Loading model cost 1.216 seconds.
Prefix dict has been built successfully.
Node 'run_LanguageModelFeaturizer1' running 'LanguageModelFeaturizer.process'.
Node 'run_RegexFeaturizer2' running 'RegexFeaturizer.process'.
Node 'run_DIETClassifier3' running 'DIETClassifier.process'.
Node 'run_ResponseSelector4' running 'ResponseSelector.process'.
There is no trained model for 'ResponseSelector': The component is either not trained or didn't receive enough training data.
Adding following selector key to message property: default
Node 'run_EntitySynonymMapper5' running 'EntitySynonymMapper.process'.
Node 'domain_provider' running 'DomainProvider.provide_inference'.
Node 'run_RegexMessageHandler' running 'RegexMessageHandler.process'.
Received user message 'ä½ å¥½' with intent '{'name': 'greet', 'confidence': 0.99998939037323}' and entities '[]'
Logged UserUtterance - tracker now has 4 events.
Validating extracted slots: 
Default action 'action_extract_slots' was executed, resulting in 0 events: 
Running graph with inputs: {'__tracker__': <rasa.shared.core.trackers.DialogueStateTracker object at 0x7fcf8d22b6d0>}, targets: ['select_prediction'] and ExecutionContext(model_id='2f087a572d25489f84e71fc3c13e2b44', should_add_diagnostic_data=False, is_finetuning=False, node_name=None).
Node 'rule_only_data_provider' running 'RuleOnlyDataProvider.provide'.
Node 'domain_provider' running 'DomainProvider.provide_inference'.
Node 'run_MemoizationPolicy0' running 'MemoizationPolicy.predict_action_probabilities'.
Current tracker state:
[state 1] user intent: greet | previous action name: action_listen
There is a memorised next action 'utter_greet'
Node 'run_TEDPolicy1' running 'TEDPolicy.predict_action_probabilities'.
TED predicted 'utter_greet' based on user intent.
Node 'select_prediction' running 'DefaultPolicyPredictionEnsemble.combine_predictions_from_kwargs'.
Made prediction using user intent.
Added `DefinePrevUserUtteredFeaturization(False)` event.
Predicted next action using MemoizationPolicy.
Predicted next action 'utter_greet' with confidence 1.00.
Policy prediction ended with events '[<rasa.shared.core.events.DefinePrevUserUtteredFeaturization object at 0x7fcf7aef8290>]'.
Action 'utter_greet' ended with events '[BotUttered('ä½ å¥½ï¼', {"elements": null, "quick_replies": null, "buttons": null, "attachment": null, "image": null, "custom": null}, {"utter_action": "utter_greet"}, 1694226667.365512)]'.
Running graph with inputs: {'__tracker__': <rasa.shared.core.trackers.DialogueStateTracker object at 0x7fcf8d22b6d0>}, targets: ['select_prediction'] and ExecutionContext(model_id='2f087a572d25489f84e71fc3c13e2b44', should_add_diagnostic_data=False, is_finetuning=False, node_name=None).
Node 'rule_only_data_provider' running 'RuleOnlyDataProvider.provide'.
Node 'domain_provider' running 'DomainProvider.provide_inference'.
Node 'run_MemoizationPolicy0' running 'MemoizationPolicy.predict_action_probabilities'.
Current tracker state:
[state 1] user intent: greet | previous action name: action_listen
[state 2] user intent: greet | previous action name: utter_greet
There is a memorised next action 'action_listen'
Node 'run_TEDPolicy1' running 'TEDPolicy.predict_action_probabilities'.
TED predicted 'action_listen' based on user intent.
Node 'select_prediction' running 'DefaultPolicyPredictionEnsemble.combine_predictions_from_kwargs'.
Predicted next action using MemoizationPolicy.
Predicted next action 'action_listen' with confidence 1.00.
Policy prediction ended with events '[]'.
Action 'action_listen' ended with events '[]'.
No event broker configured. Skipping streaming events.
Deleted lock for conversation 'default'.
127.0.0.1 - - [09/Sep/2023 10:31:07] "POST /conversations/default/respond HTTP/1.1" 200 -
Issuing ticket for conversation 'default'.
Acquiring lock for conversation 'default'.
Acquired lock for conversation 'default'.
Recreating tracker for id 'default'
Running graph with inputs: {'__message__': [<rasa.core.channels.channel.UserMessage object at 0x7fcf8d22be10>]}, targets: ['run_RegexMessageHandler'] and ExecutionContext(model_id='2f087a572d25489f84e71fc3c13e2b44', should_add_diagnostic_data=False, is_finetuning=False, node_name=None).
Node 'nlu_message_converter' running 'NLUMessageConverter.convert_user_message'.
Node 'run_JiebaTokenizer0' running 'JiebaTokenizer.process'.
Node 'run_LanguageModelFeaturizer1' running 'LanguageModelFeaturizer.process'.
Node 'run_RegexFeaturizer2' running 'RegexFeaturizer.process'.
Node 'run_DIETClassifier3' running 'DIETClassifier.process'.
Node 'run_ResponseSelector4' running 'ResponseSelector.process'.
There is no trained model for 'ResponseSelector': The component is either not trained or didn't receive enough training data.
Adding following selector key to message property: default
Node 'run_EntitySynonymMapper5' running 'EntitySynonymMapper.process'.
Node 'domain_provider' running 'DomainProvider.provide_inference'.
Node 'run_RegexMessageHandler' running 'RegexMessageHandler.process'.
Received user message 'å ç¹å¦' with intent '{'name': 'query_time', 'confidence': 0.9739504456520081}' and entities '[]'
Logged UserUtterance - tracker now has 9 events.
Validating extracted slots: 
Default action 'action_extract_slots' was executed, resulting in 0 events: 
Running graph with inputs: {'__tracker__': <rasa.shared.core.trackers.DialogueStateTracker object at 0x7fcf72603e90>}, targets: ['select_prediction'] and ExecutionContext(model_id='2f087a572d25489f84e71fc3c13e2b44', should_add_diagnostic_data=False, is_finetuning=False, node_name=None).
Node 'rule_only_data_provider' running 'RuleOnlyDataProvider.provide'.
Node 'domain_provider' running 'DomainProvider.provide_inference'.
Node 'run_MemoizationPolicy0' running 'MemoizationPolicy.predict_action_probabilities'.
Current tracker state:
[state 1] user intent: greet | previous action name: action_listen
[state 2] user intent: greet | previous action name: utter_greet
[state 3] user intent: query_time | previous action name: action_listen
There is no memorised next action
Node 'run_TEDPolicy1' running 'TEDPolicy.predict_action_probabilities'.
TED predicted 'action_query_time' based on user intent.
Node 'select_prediction' running 'DefaultPolicyPredictionEnsemble.combine_predictions_from_kwargs'.
Made prediction using user intent.
Added `DefinePrevUserUtteredFeaturization(False)` event.
Predicted next action using TEDPolicy.
Predicted next action 'action_query_time' with confidence 0.96.
Calling action endpoint to run action 'action_query_time'.
Failed to run custom action 'action_query_time'. Couldn't connect to the server at 'http://localhost:5055/webhook'. Is the server running? Error: Cannot connect to host localhost:5055 ssl:default [Connection refused]
Encountered an exception while running action 'action_query_time'.Bot will continue, but the actions events are lost. Please check the logs of your action server for more information.
Traceback (most recent call last):
  File "/opt/anaconda3/envs/rasa_demo/lib/python3.7/site-packages/aiohttp/connector.py", line 980, in _wrap_create_connection
    return await self._loop.create_connection(*args, **kwargs)  # type: ignore[return-value]  # noqa
  File "uvloop/loop.pyx", line 2039, in create_connection
  File "uvloop/loop.pyx", line 2016, in uvloop.loop.Loop.create_connection
ConnectionRefusedError: [Errno 61] Connection refused

The above exception was the direct cause of the following exception:

Traceback (most recent call last):
  File "/opt/anaconda3/envs/rasa_demo/lib/python3.7/site-packages/rasa/core/actions/action.py", line 771, in run
    compress=should_compress,
  File "/opt/anaconda3/envs/rasa_demo/lib/python3.7/site-packages/rasa/utils/endpoints.py", line 172, in request
    **kwargs,
  File "/opt/anaconda3/envs/rasa_demo/lib/python3.7/site-packages/aiohttp/client.py", line 1141, in __aenter__
    self._resp = await self._coro
  File "/opt/anaconda3/envs/rasa_demo/lib/python3.7/site-packages/aiohttp/client.py", line 537, in _request
    req, traces=traces, timeout=real_timeout
  File "/opt/anaconda3/envs/rasa_demo/lib/python3.7/site-packages/aiohttp/connector.py", line 540, in connect
    proto = await self._create_connection(req, traces, timeout)
  File "/opt/anaconda3/envs/rasa_demo/lib/python3.7/site-packages/aiohttp/connector.py", line 901, in _create_connection
    _, proto = await self._create_direct_connection(req, traces, timeout)
  File "/opt/anaconda3/envs/rasa_demo/lib/python3.7/site-packages/aiohttp/connector.py", line 1206, in _create_direct_connection
    raise last_exc
  File "/opt/anaconda3/envs/rasa_demo/lib/python3.7/site-packages/aiohttp/connector.py", line 1187, in _create_direct_connection
    client_error=client_error,
  File "/opt/anaconda3/envs/rasa_demo/lib/python3.7/site-packages/aiohttp/connector.py", line 988, in _wrap_create_connection
    raise client_error(req.connection_key, exc) from exc
aiohttp.client_exceptions.ClientConnectorError: Cannot connect to host localhost:5055 ssl:default [Connection refused]

During handling of the above exception, another exception occurred:

Traceback (most recent call last):
  File "/opt/anaconda3/envs/rasa_demo/lib/python3.7/site-packages/rasa/core/processor.py", line 918, in _run_action
    output_channel, nlg, temporary_tracker, self.domain
  File "/opt/anaconda3/envs/rasa_demo/lib/python3.7/site-packages/rasa/core/actions/action.py", line 806, in run
    f"Failed to execute custom action '{self.name()}'. Couldn't connect "
rasa.shared.exceptions.RasaException: Failed to execute custom action 'action_query_time'. Couldn't connect to the server at 'http://localhost:5055/webhook.
Policy prediction ended with events '[<rasa.shared.core.events.DefinePrevUserUtteredFeaturization object at 0x7fcf8d3aeb90>]'.
Action 'action_query_time' ended with events '[]'.
Current slot values: 
	date: None
	session_started_metadata: None
Running graph with inputs: {'__tracker__': <rasa.shared.core.trackers.DialogueStateTracker object at 0x7fcf72603e90>}, targets: ['select_prediction'] and ExecutionContext(model_id='2f087a572d25489f84e71fc3c13e2b44', should_add_diagnostic_data=False, is_finetuning=False, node_name=None).
Node 'rule_only_data_provider' running 'RuleOnlyDataProvider.provide'.
Node 'domain_provider' running 'DomainProvider.provide_inference'.
Node 'run_MemoizationPolicy0' running 'MemoizationPolicy.predict_action_probabilities'.
Current tracker state:
[state 1] user intent: greet | previous action name: action_listen
[state 2] user intent: greet | previous action name: utter_greet
[state 3] user intent: query_time | previous action name: action_listen
[state 4] user intent: query_time | previous action name: action_query_time
There is no memorised next action
Node 'run_TEDPolicy1' running 'TEDPolicy.predict_action_probabilities'.
TED predicted 'action_listen' based on user intent.
Node 'select_prediction' running 'DefaultPolicyPredictionEnsemble.combine_predictions_from_kwargs'.
Predicted next action using TEDPolicy.
Predicted next action 'action_listen' with confidence 1.00.
Policy prediction ended with events '[]'.
Action 'action_listen' ended with events '[]'.
No event broker configured. Skipping streaming events.
Deleted lock for conversation 'default'.
127.0.0.1 - - [09/Sep/2023 10:31:14] "POST /conversations/default/respond HTTP/1.1" 200 -
127.0.0.1 - - [09/Sep/2023 10:31:37] "GET /logs/conversations HTTP/1.1" 200 -
127.0.0.1 - - [09/Sep/2023 10:31:37] "[36mGET /static/libs/bootstrap/css/bootstrap.min.css HTTP/1.1[0m" 304 -
127.0.0.1 - - [09/Sep/2023 10:31:37] "[36mGET /static/libs/modernizr-2.6.2.js HTTP/1.1[0m" 304 -
127.0.0.1 - - [09/Sep/2023 10:31:37] "[36mGET /static/scripts/vue-components.js HTTP/1.1[0m" 304 -
127.0.0.1 - - [09/Sep/2023 10:31:37] "[36mGET /static/libs/jquery/jquery.min.js HTTP/1.1[0m" 304 -
127.0.0.1 - - [09/Sep/2023 10:31:37] "[36mGET /static/libs/bootstrap/js/bootstrap.bundle.min.js HTTP/1.1[0m" 304 -
127.0.0.1 - - [09/Sep/2023 10:31:37] "[36mGET /static/libs/codemirror/codemirror.js HTTP/1.1[0m" 304 -
127.0.0.1 - - [09/Sep/2023 10:31:37] "[36mGET /static/content/site.css HTTP/1.1[0m" 304 -
127.0.0.1 - - [09/Sep/2023 10:31:37] "[36mGET /static/libs/codemirror/codemirror.css HTTP/1.1[0m" 304 -
127.0.0.1 - - [09/Sep/2023 10:31:37] "[36mGET /static/libs/vue/vue.js HTTP/1.1[0m" 304 -
127.0.0.1 - - [09/Sep/2023 10:31:37] "[36mGET /static/libs/bootstrap/css/bootstrap.min.css.map HTTP/1.1[0m" 304 -
127.0.0.1 - - [09/Sep/2023 10:31:37] "[36mGET /static/libs/bootstrap/js/bootstrap.bundle.min.js.map HTTP/1.1[0m" 304 -
127.0.0.1 - - [09/Sep/2023 10:31:37] "GET /api/logs/conversations?q=&p=1 HTTP/1.1" 200 -
127.0.0.1 - - [09/Sep/2023 10:31:43] "GET /logs/rasa HTTP/1.1" 200 -
127.0.0.1 - - [09/Sep/2023 10:31:43] "[36mGET /static/libs/bootstrap/js/bootstrap.bundle.min.js HTTP/1.1[0m" 304 -
127.0.0.1 - - [09/Sep/2023 10:31:43] "[36mGET /static/libs/jquery/jquery.min.js HTTP/1.1[0m" 304 -
127.0.0.1 - - [09/Sep/2023 10:31:43] "[36mGET /static/libs/vue/vue.js HTTP/1.1[0m" 304 -
127.0.0.1 - - [09/Sep/2023 10:31:43] "[36mGET /static/scripts/vue-components.js HTTP/1.1[0m" 304 -
127.0.0.1 - - [09/Sep/2023 10:31:43] "[36mGET /static/libs/modernizr-2.6.2.js HTTP/1.1[0m" 304 -
127.0.0.1 - - [09/Sep/2023 10:31:43] "[36mGET /static/libs/bootstrap/css/bootstrap.min.css HTTP/1.1[0m" 304 -
127.0.0.1 - - [09/Sep/2023 10:31:43] "[36mGET /static/libs/codemirror/codemirror.css HTTP/1.1[0m" 304 -
127.0.0.1 - - [09/Sep/2023 10:31:43] "[36mGET /static/content/site.css HTTP/1.1[0m" 304 -
127.0.0.1 - - [09/Sep/2023 10:31:43] "[36mGET /static/libs/codemirror/codemirror.js HTTP/1.1[0m" 304 -
127.0.0.1 - - [09/Sep/2023 10:31:43] "[36mGET /static/libs/bootstrap/js/bootstrap.bundle.min.js.map HTTP/1.1[0m" 304 -
127.0.0.1 - - [09/Sep/2023 10:31:43] "[36mGET /static/libs/bootstrap/css/bootstrap.min.css.map HTTP/1.1[0m" 304 -
127.0.0.1 - - [09/Sep/2023 10:31:43] "GET /api/logs/rasa?q=&p=1 HTTP/1.1" 200 -
127.0.0.1 - - [09/Sep/2023 10:31:49] "GET /logs/all HTTP/1.1" 200 -
127.0.0.1 - - [09/Sep/2023 10:31:49] "[36mGET /static/libs/jquery/jquery.min.js HTTP/1.1[0m" 304 -
127.0.0.1 - - [09/Sep/2023 10:31:49] "[36mGET /static/libs/bootstrap/js/bootstrap.bundle.min.js HTTP/1.1[0m" 304 -
127.0.0.1 - - [09/Sep/2023 10:31:49] "[36mGET /static/libs/modernizr-2.6.2.js HTTP/1.1[0m" 304 -
127.0.0.1 - - [09/Sep/2023 10:31:49] "[36mGET /static/libs/bootstrap/css/bootstrap.min.css HTTP/1.1[0m" 304 -
127.0.0.1 - - [09/Sep/2023 10:31:49] "[36mGET /static/content/site.css HTTP/1.1[0m" 304 -
127.0.0.1 - - [09/Sep/2023 10:31:49] "[36mGET /static/scripts/vue-components.js HTTP/1.1[0m" 304 -
127.0.0.1 - - [09/Sep/2023 10:31:49] "[36mGET /static/libs/codemirror/codemirror.css HTTP/1.1[0m" 304 -
127.0.0.1 - - [09/Sep/2023 10:31:49] "[36mGET /static/libs/vue/vue.js HTTP/1.1[0m" 304 -
127.0.0.1 - - [09/Sep/2023 10:31:49] "[36mGET /static/libs/codemirror/codemirror.js HTTP/1.1[0m" 304 -
127.0.0.1 - - [09/Sep/2023 10:31:49] "[36mGET /static/libs/bootstrap/js/bootstrap.bundle.min.js.map HTTP/1.1[0m" 304 -
127.0.0.1 - - [09/Sep/2023 10:31:49] "[36mGET /static/libs/bootstrap/css/bootstrap.min.css.map HTTP/1.1[0m" 304 -
127.0.0.1 - - [09/Sep/2023 10:31:49] "GET /api/logs/all?q=&p=1 HTTP/1.1" 200 -
